<?xml version="1.0" encoding="UTF-8"?>
<!-- Generated by org.testng.reporters.JUnitReportReporter -->
<testsuite hostname="AR-IT12014B" name="com.automation.training.tests.EjercicioCuatro" tests="1" failures="0" timestamp="3 Jun 2019 19:12:14 GMT" time="4.528" errors="0">
  <testcase name="EjercicioAcamicaCuatro" time="4.528" classname="com.automation.training.tests.EjercicioCuatro"/>
</testsuite> <!-- com.automation.training.tests.EjercicioCuatro -->
