<?xml version="1.0" encoding="UTF-8"?>
<!-- Generated by org.testng.reporters.JUnitReportReporter -->
<testsuite hostname="AR-IT12014B" name="com.automation.training.tests.EjercicioAcamica" tests="1" failures="1" timestamp="6 Jun 2019 20:15:13 GMT" time="12.789" errors="0">
  <testcase name="EjercicioAcamicaUno" time="12.789" classname="com.automation.training.tests.EjercicioAcamica">
    <failure type="org.openqa.selenium.WebDriverException" message="element click intercepted: Element &lt;button type=&quot;button&quot; class=&quot;btn-secondary btn-action t-select-btn&quot; data-test-id=&quot;select-button&quot; data-bargain-fare=&quot;false&quot; data-click-handler=&quot;select-flight,omnitureClickHandler&quot; data-prevent-expand=&quot;true&quot; data-omniture-rfrr=&quot;Select.Offer0.BestValue&quot; data-trip-id=&quot;2019-08-05t17:35:00-07:00-coach-las-lax-ua-1861;2019-08-12t20:25:00-07:00-coach-lax-las-as-560;&quot; data-offer-index=&quot;&quot; data-has-fare=&quot;true&quot; data-leg-indexes=&quot;5,2&quot; data-superlatives=&quot;BV,CP&quot; data-outbound-airlinecodes=&quot;UA&quot; data-inbound-airlinecodes=&quot;&quot; data-is-cached=&quot;false&quot; data-result-token=&quot;v5-8c0bd724d36b4b948e0138b5b707c37d&quot; data-air-provider-id=&quot;2&quot; data-flight-fare-type-code=&quot;P&quot; data-flight-fare-type-value=&quot;1&quot; data-currency-code=&quot;USD&quot; data-exact-price=&quot;107.33&quot; data-is-split-ticket=&quot;true&quot; data-discount=&quot;0&quot; data-is-packageable=&quot;true&quot; data-debug-var1=&quot;false&quot; data-debug-var2=&quot;false&quot; data-debug-var3=&quot;false&quot; data-leg0-natural-key=&quot;e0e3d5252186d21cd13e4a4da078dffd&quot; data-is-basic-economy-tray-button=&quot;true&quot;&gt;...&lt;/button&gt; is not clickable at point (1125, 726). Other element would receive the click: &lt;div class=&quot;basic-economy-tray-details standard-padding&quot;&gt;...&lt;/div&gt;
  (Session info: chrome=74.0.3729.169)
  (Driver info: chromedriver=74.0.3729.6 (255758eccf3d244491b8a1317aa76e1ce10d57e9-refs/branch-heads/3729@{#29}),platform=Windows NT 10.0.15063 x86_64) (WARNING: The server did not provide any stacktrace information)
Command duration or timeout: 65 milliseconds
Build info: version: &#039;3.0.1&#039;, revision: &#039;1969d75&#039;, time: &#039;2016-10-18 09:49:13 -0700&#039;
System info: host: &#039;AR-IT12014B&#039;, ip: &#039;172.26.97.159&#039;, os.name: &#039;Windows 10&#039;, os.arch: &#039;amd64&#039;, os.version: &#039;10.0&#039;, java.version: &#039;1.8.0_211&#039;
Driver info: org.openqa.selenium.chrome.ChromeDriver
Capabilities [{mobileEmulationEnabled=false, timeouts={implicit=0, pageLoad=300000, script=30000}, hasTouchScreen=false, platform=XP, acceptSslCerts=false, goog:chromeOptions={debuggerAddress=localhost:62206}, acceptInsecureCerts=false, webStorageEnabled=true, browserName=chrome, takesScreenshot=true, javascriptEnabled=true, setWindowRect=true, unexpectedAlertBehaviour=ignore, applicationCacheEnabled=false, rotatable=false, networkConnectionEnabled=false, chrome={chromedriverVersion=74.0.3729.6 (255758eccf3d244491b8a1317aa76e1ce10d57e9-refs/branch-heads/3729@{#29}), userDataDir=C:\Users\NICOLA~1.MON\AppData\Local\Temp\scoped_dir4260_151}, takesHeapSnapshot=true, pageLoadStrategy=normal, strictFileInteractability=false, databaseEnabled=false, handlesAlerts=true, version=74.0.3729.169, browserConnectionEnabled=false, proxy={}, nativeEvents=true, locationContextEnabled=true, cssSelectorsEnabled=true}]
Session ID: 20759457b303bd467b289ec2f994ec2c">
      <![CDATA[org.openqa.selenium.WebDriverException: element click intercepted: Element <button type="button" class="btn-secondary btn-action t-select-btn" data-test-id="select-button" data-bargain-fare="false" data-click-handler="select-flight,omnitureClickHandler" data-prevent-expand="true" data-omniture-rfrr="Select.Offer0.BestValue" data-trip-id="2019-08-05t17:35:00-07:00-coach-las-lax-ua-1861;2019-08-12t20:25:00-07:00-coach-lax-las-as-560;" data-offer-index="" data-has-fare="true" data-leg-indexes="5,2" data-superlatives="BV,CP" data-outbound-airlinecodes="UA" data-inbound-airlinecodes="" data-is-cached="false" data-result-token="v5-8c0bd724d36b4b948e0138b5b707c37d" data-air-provider-id="2" data-flight-fare-type-code="P" data-flight-fare-type-value="1" data-currency-code="USD" data-exact-price="107.33" data-is-split-ticket="true" data-discount="0" data-is-packageable="true" data-debug-var1="false" data-debug-var2="false" data-debug-var3="false" data-leg0-natural-key="e0e3d5252186d21cd13e4a4da078dffd" data-is-basic-economy-tray-button="true">...</button> is not clickable at point (1125, 726). Other element would receive the click: <div class="basic-economy-tray-details standard-padding">...</div>
  (Session info: chrome=74.0.3729.169)
  (Driver info: chromedriver=74.0.3729.6 (255758eccf3d244491b8a1317aa76e1ce10d57e9-refs/branch-heads/3729@{#29}),platform=Windows NT 10.0.15063 x86_64) (WARNING: The server did not provide any stacktrace information)
Command duration or timeout: 65 milliseconds
Build info: version: '3.0.1', revision: '1969d75', time: '2016-10-18 09:49:13 -0700'
System info: host: 'AR-IT12014B', ip: '172.26.97.159', os.name: 'Windows 10', os.arch: 'amd64', os.version: '10.0', java.version: '1.8.0_211'
Driver info: org.openqa.selenium.chrome.ChromeDriver
Capabilities [{mobileEmulationEnabled=false, timeouts={implicit=0, pageLoad=300000, script=30000}, hasTouchScreen=false, platform=XP, acceptSslCerts=false, goog:chromeOptions={debuggerAddress=localhost:62206}, acceptInsecureCerts=false, webStorageEnabled=true, browserName=chrome, takesScreenshot=true, javascriptEnabled=true, setWindowRect=true, unexpectedAlertBehaviour=ignore, applicationCacheEnabled=false, rotatable=false, networkConnectionEnabled=false, chrome={chromedriverVersion=74.0.3729.6 (255758eccf3d244491b8a1317aa76e1ce10d57e9-refs/branch-heads/3729@{#29}), userDataDir=C:\Users\NICOLA~1.MON\AppData\Local\Temp\scoped_dir4260_151}, takesHeapSnapshot=true, pageLoadStrategy=normal, strictFileInteractability=false, databaseEnabled=false, handlesAlerts=true, version=74.0.3729.169, browserConnectionEnabled=false, proxy={}, nativeEvents=true, locationContextEnabled=true, cssSelectorsEnabled=true}]
Session ID: 20759457b303bd467b289ec2f994ec2c
	at sun.reflect.NativeConstructorAccessorImpl.newInstance0(Native Method)
	at sun.reflect.NativeConstructorAccessorImpl.newInstance(Unknown Source)
	at sun.reflect.DelegatingConstructorAccessorImpl.newInstance(Unknown Source)
	at java.lang.reflect.Constructor.newInstance(Unknown Source)
	at org.openqa.selenium.remote.ErrorHandler.createThrowable(ErrorHandler.java:216)
	at org.openqa.selenium.remote.ErrorHandler.throwIfResponseFailed(ErrorHandler.java:168)
	at org.openqa.selenium.remote.RemoteWebDriver.execute(RemoteWebDriver.java:635)
	at org.openqa.selenium.remote.RemoteWebElement.execute(RemoteWebElement.java:274)
	at org.openqa.selenium.remote.RemoteWebElement.click(RemoteWebElement.java:84)
	at com.automation.training.pages.SelectPage.SeleccionarVueloVuelta(SelectPage.java:70)
	at com.automation.training.tests.EjercicioAcamica.EjercicioAcamicaUno(EjercicioAcamica.java:58)
	at sun.reflect.NativeMethodAccessorImpl.invoke0(Native Method)
	at sun.reflect.NativeMethodAccessorImpl.invoke(Unknown Source)
	at sun.reflect.DelegatingMethodAccessorImpl.invoke(Unknown Source)
	at java.lang.reflect.Method.invoke(Unknown Source)
	at org.testng.internal.MethodInvocationHelper.invokeMethod(MethodInvocationHelper.java:80)
	at org.testng.internal.Invoker.invokeMethod(Invoker.java:714)
	at org.testng.internal.Invoker.invokeTestMethod(Invoker.java:901)
	at org.testng.internal.Invoker.invokeTestMethods(Invoker.java:1231)
	at org.testng.internal.TestMethodWorker.invokeTestMethods(TestMethodWorker.java:127)
	at org.testng.internal.TestMethodWorker.run(TestMethodWorker.java:111)
	at org.testng.TestRunner.privateRun(TestRunner.java:767)
	at org.testng.TestRunner.run(TestRunner.java:617)
	at org.testng.SuiteRunner.runTest(SuiteRunner.java:334)
	at org.testng.SuiteRunner.runSequentially(SuiteRunner.java:329)
	at org.testng.SuiteRunner.privateRun(SuiteRunner.java:291)
	at org.testng.SuiteRunner.run(SuiteRunner.java:240)
	at org.testng.SuiteRunnerWorker.runSuite(SuiteRunnerWorker.java:52)
	at org.testng.SuiteRunnerWorker.run(SuiteRunnerWorker.java:86)
	at org.testng.TestNG.runSuitesSequentially(TestNG.java:1198)
	at org.testng.TestNG.runSuitesLocally(TestNG.java:1123)
	at org.testng.TestNG.run(TestNG.java:1031)
	at org.testng.remote.AbstractRemoteTestNG.run(AbstractRemoteTestNG.java:115)
	at org.testng.remote.RemoteTestNG.initAndRun(RemoteTestNG.java:251)
	at org.testng.remote.RemoteTestNG.main(RemoteTestNG.java:77)
]]>
    </failure>
  </testcase> <!-- EjercicioAcamicaUno -->
</testsuite> <!-- com.automation.training.tests.EjercicioAcamica -->
