<?xml version="1.0" encoding="UTF-8"?>
<!-- Generated by org.testng.reporters.JUnitReportReporter -->
<testsuite hostname="AR-IT12014B" name="com.automation.training.Test1" tests="1" failures="0" timestamp="27 May 2019 15:11:56 GMT" time="0.012" errors="0">
  <testcase name="testConcat" time="0.012" classname="com.automation.training.Test1"/>
</testsuite> <!-- com.automation.training.Test1 -->
