<?xml version="1.0" encoding="UTF-8"?>
<!-- Generated by org.testng.reporters.JUnitReportReporter -->
<testsuite hostname="AR-IT12014B" name="com.automation.training.tests.BaseTest" tests="1" failures="0" timestamp="3 Jun 2019 16:37:11 GMT" time="51.665" errors="0">
  <testcase name="EjercicioAcamicaPrimeraParte" time="51.665" classname="com.automation.training.tests.BaseTest"/>
</testsuite> <!-- com.automation.training.tests.BaseTest -->
