<?xml version="1.0" encoding="UTF-8"?>
<!-- Generated by org.testng.reporters.JUnitReportReporter -->
<testsuite hostname="AR-IT12014B" name="com.automation.training.tests.EjercicioTres" tests="1" failures="0" timestamp="3 Jun 2019 18:53:23 GMT" time="13.604" errors="0">
  <testcase name="EjercicioAcamicaTres" time="13.604" classname="com.automation.training.tests.EjercicioTres"/>
</testsuite> <!-- com.automation.training.tests.EjercicioTres -->
